<?xml version="1.0" encoding="UTF-8"?>
<testng-results skipped="0" failed="0" ignored="0" total="1" passed="1">
  <reporter-output>
  </reporter-output>
  <suite name="Default suite" duration-ms="8498" started-at="2017-10-16T03:22:07Z" finished-at="2017-10-16T03:22:16Z">
    <groups>
    </groups>
    <test name="Default test" duration-ms="8498" started-at="2017-10-16T03:22:07Z" finished-at="2017-10-16T03:22:16Z">
      <class name="Tests.testsNG_Tets">
        <test-method status="PASS" signature="beforeClass()[pri:0, instance:Tests.testsNG_Tets@4b5d6a01]" name="beforeClass" is-config="true" duration-ms="7570" started-at="2017-10-15T20:22:07Z" finished-at="2017-10-15T20:22:15Z">
          <reporter-output>
          </reporter-output>
        </test-method> <!-- beforeClass -->
        <test-method status="PASS" signature="demo_Test_QA()[pri:0, instance:Tests.testsNG_Tets@4b5d6a01]" name="demo_Test_QA" duration-ms="51" started-at="2017-10-15T20:22:15Z" finished-at="2017-10-15T20:22:15Z">
          <reporter-output>
          </reporter-output>
        </test-method> <!-- demo_Test_QA -->
        <test-method status="PASS" signature="afterClass()[pri:0, instance:Tests.testsNG_Tets@4b5d6a01]" name="afterClass" is-config="true" duration-ms="840" started-at="2017-10-15T20:22:15Z" finished-at="2017-10-15T20:22:16Z">
          <reporter-output>
          </reporter-output>
        </test-method> <!-- afterClass -->
      </class> <!-- Tests.testsNG_Tets -->
    </test> <!-- Default test -->
  </suite> <!-- Default suite -->
</testng-results>
